<?xml version="1.0" encoding="UTF-8"?>
<!-- Generated by org.testng.reporters.JUnitReportReporter -->
<testsuite skipped="0" hostname="192-168-1-105.tpgi.com.au" name="test.VideoTest" tests="1" failures="0" timestamp="02 Jul 2017 12:51:42 GMT" time="5.011" errors="0">
  <testcase name="VideoPlayerTest" time="5.011" classname="test.VideoTest"/>
</testsuite> <!-- test.VideoTest -->
