<?xml version="1.0" encoding="UTF-8"?>
<!-- Generated by org.testng.reporters.JUnitReportReporter -->
<testsuite skipped="1" hostname="192-168-1-105.tpgi.com.au" name="test.ApiTest" tests="4" failures="0" timestamp="04 Jul 2017 12:27:14 GMT" time="2.383" errors="0">
  <testcase name="API_Get" time="2.155" classname="test.ApiTest"/>
  <testcase name="API_Get3" time="0.076" classname="test.ApiTest"/>
  <testcase name="API_Get3" time="0.152" classname="test.ApiTest"/>
  <testcase name="API_Get1" classname="test.ApiTest">
    <skipped/>
  </testcase> <!-- API_Get1 -->
</testsuite> <!-- test.ApiTest -->
