<?xml version="1.0" encoding="UTF-8"?>
<!-- Generated by org.testng.reporters.JUnitReportReporter -->
<testsuite skipped="0" hostname="192-168-1-105.tpgi.com.au" name="test.JustIn" tests="1" failures="0" timestamp="02 Jul 2017 14:33:03 GMT" time="10.363" errors="0">
  <testcase name="LoadJustInAndCheckArticles" time="10.363" classname="test.JustIn"/>
</testsuite> <!-- test.JustIn -->
