<?xml version="1.0" encoding="UTF-8"?>
<!-- Generated by org.testng.reporters.JUnitReportReporter -->
<testsuite skipped="0" hostname="192-168-1-105.tpgi.com.au" name="test.NewTest" tests="1" failures="0" timestamp="02 Jul 2017 10:27:50 GMT" time="3.721" errors="0">
  <testcase name="LaunchSite" time="3.721" classname="test.NewTest"/>
</testsuite> <!-- test.NewTest -->
