<?xml version="1.0" encoding="UTF-8"?>
<!-- Generated by org.testng.reporters.JUnitReportReporter -->
<testsuite skipped="0" hostname="192-168-1-105.tpgi.com.au" name="test.VideoTest" tests="1" failures="0" timestamp="04 Jul 2017 12:27:14 GMT" time="3.379" errors="0">
  <testcase name="VideoPlayerTest" time="3.379" classname="test.VideoTest"/>
</testsuite> <!-- test.VideoTest -->
