<?xml version="1.0" encoding="UTF-8"?>
<!-- Generated by org.testng.reporters.JUnitReportReporter -->
<testsuite skipped="0" hostname="192-168-1-105.tpgi.com.au" name="test.imageGallery" tests="1" failures="0" timestamp="04 Jul 2017 12:27:14 GMT" time="7.670" errors="0">
  <testcase name="ImageGalleryTest" time="7.670" classname="test.imageGallery"/>
</testsuite> <!-- test.imageGallery -->
