<?xml version="1.0" encoding="UTF-8"?>
<!-- Generated by org.testng.reporters.JUnitReportReporter -->
<testsuite skipped="0" hostname="192-168-1-105.tpgi.com.au" name="test.SearchRadioProgram" tests="1" failures="0" timestamp="04 Jul 2017 12:27:14 GMT" time="10.750" errors="0">
  <testcase name="LoadABRadio1" time="10.750" classname="test.SearchRadioProgram"/>
</testsuite> <!-- test.SearchRadioProgram -->
