<?xml version="1.0" encoding="UTF-8"?>
<!-- Generated by org.testng.reporters.JUnitReportReporter -->
<testsuite skipped="0" hostname="192-168-1-105.tpgi.com.au" name="test.NewsBanner" tests="1" failures="0" timestamp="02 Jul 2017 09:34:40 GMT" time="0.057" errors="0">
  <testcase name="NewsBannerVerifiecation" time="0.057" classname="test.NewsBanner"/>
</testsuite> <!-- test.NewsBanner -->
